[debug] [2021-10-14T04:56:18.354Z] ----------------------------------------------------------------------
[debug] [2021-10-14T04:56:18.356Z] Command:       C:\Program Files\nodejs\node.exe C:\Users\heon\AppData\Roaming\npm\node_modules\firebase-tools\lib\bin\firebase.js init
[debug] [2021-10-14T04:56:18.356Z] CLI Version:   9.16.0
[debug] [2021-10-14T04:56:18.356Z] Platform:      win32
[debug] [2021-10-14T04:56:18.356Z] Node Version:  v14.17.3
[debug] [2021-10-14T04:56:18.357Z] Time:          Thu Oct 14 2021 00:56:18 GMT-0400 (미 동부 하계 표준시)
[debug] [2021-10-14T04:56:18.357Z] ----------------------------------------------------------------------
[debug] 
[debug] [2021-10-14T04:56:18.368Z] >>> [apiv2][query] GET https://firebase-public.firebaseio.com/cli.json [none]
[debug] [2021-10-14T04:56:18.425Z] > command requires scopes: ["email","openid","https://www.googleapis.com/auth/cloudplatformprojects.readonly","https://www.googleapis.com/auth/firebase","https://www.googleapis.com/auth/cloud-platform"]
[debug] [2021-10-14T04:56:18.425Z] > authorizing via signed-in user (hehe9343@gmail.com)
[info] 
     ######## #### ########  ######## ########     ###     ######  ########
     ##        ##  ##     ## ##       ##     ##  ##   ##  ##       ##
     ######    ##  ########  ######   ########  #########  ######  ######
     ##        ##  ##    ##  ##       ##     ## ##     ##       ## ##
     ##       #### ##     ## ######## ########  ##     ##  ######  ########

You're about to initialize a Firebase project in this directory:

  C:\Users\heon\Desktop\Web Dev\React_Projects\portfolio-website

[debug] [2021-10-14T04:56:18.595Z] <<< [apiv2][status] GET https://firebase-public.firebaseio.com/cli.json 200
[debug] [2021-10-14T04:56:18.595Z] <<< [apiv2][body] GET https://firebase-public.firebaseio.com/cli.json {"cloudBuildErrorAfter":1594252800000,"cloudBuildWarnAfter":1590019200000,"defaultNode10After":1594252800000,"minVersion":"3.0.5","node8DeploysDisabledAfter":1613390400000,"node8RuntimeDisabledAfter":1615809600000,"node8WarnAfter":1600128000000}
[info] 
=== Project Setup
[info] 
[info] First, let's associate this project directory with a Firebase project.
[info] You can create multiple project aliases by running firebase use --add, 
[info] but for now we'll just set up a default project.
[info] 
[debug] [2021-10-14T04:59:50.140Z] > refreshing access token with scopes: []
[debug] [2021-10-14T04:59:50.140Z] >>> HTTP REQUEST POST https://www.googleapis.com/oauth2/v3/token  
 <request body omitted>
[debug] [2021-10-14T04:59:50.280Z] <<< HTTP RESPONSE 200 {"cache-control":"no-cache, no-store, max-age=0, must-revalidate","pragma":"no-cache","expires":"Mon, 01 Jan 1990 00:00:00 GMT","date":"Thu, 14 Oct 2021 04:59:50 GMT","content-type":"application/json; charset=utf-8","vary":"X-Origin, Referer, Origin,Accept-Encoding","server":"scaffolding on HTTPServer2","x-xss-protection":"0","x-frame-options":"SAMEORIGIN","x-content-type-options":"nosniff","alt-svc":"h3=\":443\"; ma=2592000,h3-29=\":443\"; ma=2592000,h3-T051=\":443\"; ma=2592000,h3-Q050=\":443\"; ma=2592000,h3-Q046=\":443\"; ma=2592000,h3-Q043=\":443\"; ma=2592000,quic=\":443\"; ma=2592000; v=\"46,43\"","accept-ranges":"none","transfer-encoding":"chunked"}
[debug] [2021-10-14T04:59:50.315Z] >>> [apiv2][query] GET https://firebase.googleapis.com/v1beta1/projects pageSize=100
[debug] [2021-10-14T04:59:50.616Z] <<< [apiv2][status] GET https://firebase.googleapis.com/v1beta1/projects 200
[debug] [2021-10-14T04:59:50.616Z] <<< [apiv2][body] GET https://firebase.googleapis.com/v1beta1/projects [omitted]
[debug] [2021-10-14T05:00:17.948Z] ----------------------------------------------------------------------
[debug] [2021-10-14T05:00:17.950Z] Command:       C:\Program Files\nodejs\node.exe C:\Users\heon\AppData\Roaming\npm\node_modules\firebase-tools\lib\bin\firebase.js init
[debug] [2021-10-14T05:00:17.950Z] CLI Version:   9.16.0
[debug] [2021-10-14T05:00:17.950Z] Platform:      win32
[debug] [2021-10-14T05:00:17.950Z] Node Version:  v14.17.3
[debug] [2021-10-14T05:00:17.951Z] Time:          Thu Oct 14 2021 01:00:17 GMT-0400 (미 동부 하계 표준시)
[debug] [2021-10-14T05:00:17.952Z] ----------------------------------------------------------------------
[debug] 
[debug] [2021-10-14T05:00:17.957Z] > command requires scopes: ["email","openid","https://www.googleapis.com/auth/cloudplatformprojects.readonly","https://www.googleapis.com/auth/firebase","https://www.googleapis.com/auth/cloud-platform"]
[debug] [2021-10-14T05:00:17.957Z] > authorizing via signed-in user (hehe9343@gmail.com)
[info] 
     ######## #### ########  ######## ########     ###     ######  ########
     ##        ##  ##     ## ##       ##     ##  ##   ##  ##       ##
     ######    ##  ########  ######   ########  #########  ######  ######
     ##        ##  ##    ##  ##       ##     ## ##     ##       ## ##
     ##       #### ##     ## ######## ########  ##     ##  ######  ########

You're about to initialize a Firebase project in this directory:

  C:\Users\heon\Desktop\Web Dev\React_Projects\portfolio-website

[info] 
=== Project Setup
[info] 
[info] First, let's associate this project directory with a Firebase project.
[info] You can create multiple project aliases by running firebase use --add, 
[info] but for now we'll just set up a default project.
[info] 
[debug] [2021-10-14T05:00:27.553Z] >>> [apiv2][query] GET https://firebase.googleapis.com/v1beta1/projects pageSize=100
[debug] [2021-10-14T05:00:27.885Z] <<< [apiv2][status] GET https://firebase.googleapis.com/v1beta1/projects 200
[debug] [2021-10-14T05:00:27.885Z] <<< [apiv2][body] GET https://firebase.googleapis.com/v1beta1/projects [omitted]
